[21.992921829] 2020-10-06 22:43:26,111 - INFO - launcher: Starting sanity checks
[21.992921829] 2020-10-06 22:43:26,111 - INFO - launcher: Checking for Python 3.5+
[22.996664047] 2020-10-06 22:43:26,112 - INFO - launcher: Checking console encoding
[22.996664047] 2020-10-06 22:43:26,112 - INFO - launcher: Setting console encoding to UTF-8
[22.996664047] 2020-10-06 22:43:26,112 - INFO - launcher: Ensuring we're in the right environment
[23.993015289] 2020-10-06 22:43:26,113 - INFO - launcher: Adding local bins/ folder to path
[477.845668793] 2020-10-06 22:43:26,567 - INFO - launcher: Required checks passed.
[477.845668793] 2020-10-06 22:43:26,567 - INFO - launcher: Optional checks passed.
[477.845668793] 2020-10-06 22:43:26,567 - INFO - launcher: Moving old musicbot log

######################### PRE-RUN SANITY CHECKS PASSED #########################

[1.0956461429595947] 2020-10-06 22:43:27,184 - WARNING - musicbot.config | In config.py::MainThread(46284), line 121 in run_checks: i18n file does not exist. Trying to fallback to config/i18n/en.json.
[1.0966458320617676] 2020-10-06 22:43:27,185 - INFO - musicbot.config | In config.py::MainThread(46284), line 132 in run_checks: Using i18n: config/i18n/en.json
[1.0986459255218506] 2020-10-06 22:43:27,187 - DEBUG - musicbot.bot | In bot.py::MainThread(46284), line 226 in _setup_logging: Set logging level to INFO
[1.0996448993682861] 2020-10-06 22:43:27,188 - DEBUG - musicbot.json | In json.py::MainThread(46284), line 8 in __init__: Init JSON obj with config/i18n/en.json
[1.1206378936767578] 2020-10-06 22:43:27,209 - INFO - musicbot.bot | In bot.py::MainThread(46284), line 91 in __init__: Starting MusicBot release-260819-5-gc87dc05
[1.1206378936767578] 2020-10-06 22:43:27,209 - INFO - musicbot.bot | In bot.py::MainThread(46284), line 97 in __init__: Loaded autoplaylist with 2531 entries
[4.0356817245483398] 2020-10-06 22:43:30,124 - DEBUG - musicbot.bot | In bot.py::MainThread(46284), line 952 in on_ready: Connection established, ready to go.
[4.0356817245483398] 2020-10-06 22:43:30,124 - DEBUG - musicbot.bot | In bot.py::MainThread(46284), line 343 in _cache_app_info: Caching app info
[4.2948079109191895] 2020-10-06 22:43:30,384 - DEBUG - musicbot.bot | In bot.py::MainThread(46284), line 774 in _scheck_ensure_env: Ensuring data folders exist
[4.2958178520202637] 2020-10-06 22:43:30,385 - DEBUG - musicbot.bot | In bot.py::MainThread(46284), line 790 in _scheck_server_permissions: Checking server permissions
[4.2958178520202637] 2020-10-06 22:43:30,385 - DEBUG - musicbot.bot | In bot.py::MainThread(46284), line 794 in _scheck_autoplaylist: Auditing autoplaylist
[4.2958178520202637] 2020-10-06 22:43:30,385 - DEBUG - musicbot.bot | In bot.py::MainThread(46284), line 798 in _scheck_configs: Validating config
[4.2958178520202637] 2020-10-06 22:43:30,385 - DEBUG - musicbot.config | In config.py::MainThread(46284), line 236 in async_validate: Validating options...
[4.2958178520202637] 2020-10-06 22:43:30,385 - DEBUG - musicbot.bot | In bot.py::MainThread(46284), line 801 in _scheck_configs: Validating permissions config
[4.2968082427978516] 2020-10-06 22:43:30,386 - DEBUG - musicbot.permissions | In permissions.py::MainThread(46284), line 94 in async_validate: Validating permissions...
[4.2968082427978516] 2020-10-06 22:43:30,386 - INFO - musicbot.bot | In bot.py::MainThread(46284), line 969 in on_ready: Connected: 762663412601454623/토끼노래봇#7956
[4.2968082427978516] 2020-10-06 22:43:30,386 - WARNING - musicbot.bot | In bot.py::MainThread(46284), line 997 in on_ready: Owner could not be found on any guild (id: 734745374832721980)

[4.2978096008300781] 2020-10-06 22:43:30,387 - INFO - musicbot.bot | In bot.py::MainThread(46284), line 999 in on_ready: Guild List:
[4.2978096008300781] 2020-10-06 22:43:30,387 - INFO - musicbot.bot | In bot.py::MainThread(46284), line 1002 in on_ready:  - 토끼봇
[4.2988076210021973] 2020-10-06 22:43:30,388 - INFO - musicbot.bot | In bot.py::MainThread(46284), line 1040 in on_ready: Not bound to any text channels
[4.2988076210021973] 2020-10-06 22:43:30,388 - INFO - musicbot.bot | In bot.py::MainThread(46284), line 1066 in on_ready: Not autojoining any voice channels
[12.6914789676666260] 2020-10-06 22:43:38,780 - INFO - musicbot.bot | In bot.py::MainThread(46284), line 2665 in on_message: 477076429058605056/RABBIT#2020: !입장
[13.1453318595886230] 2020-10-06 22:43:39,234 - DEBUG - musicbot.bot | In bot.py::MainThread(46284), line 734 in deserialize_queue: Deserializing queue for 760779044215455745
[13.2602944374084473] 2020-10-06 22:43:39,349 - DEBUG - musicbot.bot | In bot.py::MainThread(46284), line 426 in get_player: Created player via deserialization for guild 760779044215455745 with 0 entries
[13.2602944374084473] 2020-10-06 22:43:39,349 - INFO - musicbot.bot | In bot.py::MainThread(46284), line 1913 in cmd_입장: Joining 토끼봇/일반
[13.2622940540313721] 2020-10-06 22:43:39,351 - DEBUG - musicbot.bot | In bot.py::MainThread(46284), line 533 in on_player_stop: Running on_player_stop
[21.3906090259552002] 2020-10-06 22:43:47,479 - INFO - musicbot.bot | In bot.py::MainThread(46284), line 2665 in on_message: 477076429058605056/RABBIT#2020: !도움
[38.0555145740509033] 2020-10-06 22:44:04,144 - INFO - musicbot.bot | In bot.py::MainThread(46284), line 2665 in on_message: 734745374832721980/토끼#9906: !도움
[47.7981898784637451] 2020-10-06 22:44:13,887 - INFO - musicbot.bot | In bot.py::MainThread(46284), line 2665 in on_message: 763031999652823090/4245242424#6087: !도움
